[17-Dec-2016 07:06:26 Africa/Lagos] mail() on [/home/gcpm1108/public_html/iiardpub.org/contact.php:19]: To: editor@iiardpub.org -- Headers: From:lo.obasuyi@uniben.edu
[17-Dec-2016 07:06:26 Africa/Lagos] mail() on [/home/gcpm1108/public_html/iiardpub.org/contact.php:20]: To: lo.obasuyi@uniben.edu -- Headers: From:editor@iiardpub.org
[17-Dec-2016 14:37:18 Africa/Lagos] mail() on [/home/gcpm1108/public_html/iiardpub.org/contact.php:19]: To: editor@iiardpub.org -- Headers: From:ogeciano@yahoo.com
[17-Dec-2016 14:37:18 Africa/Lagos] mail() on [/home/gcpm1108/public_html/iiardpub.org/contact.php:20]: To: ogeciano@yahoo.com -- Headers: From:editor@iiardpub.org
[17-Dec-2016 14:48:20 Europe/London] mail() on [/home/gcpm1108/public_html/iiardpub.org/inc/class.phpmailer.php:689]: To: editor@iiardpub.org -- Headers: Date: Sat, 17 Dec 2016 14:48:20 +0000 From: ADA <lekwaekeada@yahoo.com> Message-ID: <22f8be545ef982bdd0115ea04ed59371@www.iiardpub.org> X-Mailer: PHPMailer 5.2.16 (https://github.com/PHPMailer/PHPMailer) MIME-Version: 1.0 Content-Type: multipart/mixed; 	boundary="b1_22f8be545ef982bdd0115ea04ed59371" Content-Transfer-Encoding: 8bit
[17-Dec-2016 14:48:22 Europe/London] mail() on [/home/gcpm1108/public_html/iiardpub.org/submit.php:90]: To: lekwaekeada@yahoo.com -- Headers: From:editor@iiardpub.org
[18-Dec-2016 23:19:06 Europe/London] mail() on [/home/gcpm1108/public_html/iiardpub.org/inc/class.phpmailer.php:689]: To: editor@iiardpub.org -- Headers: Date: Sun, 18 Dec 2016 23:19:06 +0000 From: Djoko <djokosutopo_msi@yahoo.com> Message-ID: <0b764feb362d63637b95e387538c0a99@www.iiardpub.org> X-Mailer: PHPMailer 5.2.16 (https://github.com/PHPMailer/PHPMailer) MIME-Version: 1.0 Content-Type: multipart/mixed; 	boundary="b1_0b764feb362d63637b95e387538c0a99" Content-Transfer-Encoding: 8bit
[18-Dec-2016 23:19:06 Europe/London] mail() on [/home/gcpm1108/public_html/iiardpub.org/submit.php:90]: To: djokosutopo_msi@yahoo.com -- Headers: From:editor@iiardpub.org
[19-Dec-2016 21:29:37 Europe/London] mail() on [/home/gcpm1108/public_html/iiardpub.org/inc/class.phpmailer.php:689]: To: editor@iiardpub.org -- Headers: Date: Mon, 19 Dec 2016 21:29:37 +0000 From: Ebimieowei <eetebu@gmail.com> Message-ID: <20efc2db102f13effabf89ff2f34caed@www.iiardpub.org> X-Mailer: PHPMailer 5.2.16 (https://github.com/PHPMailer/PHPMailer) MIME-Version: 1.0 Content-Type: multipart/mixed; 	boundary="b1_20efc2db102f13effabf89ff2f34caed" Content-Transfer-Encoding: 8bit
[19-Dec-2016 21:29:38 Europe/London] mail() on [/home/gcpm1108/public_html/iiardpub.org/submit.php:90]: To: eetebu@gmail.com -- Headers: From:editor@iiardpub.org
[21-Dec-2016 17:21:44 Europe/London] mail() on [/home/gcpm1108/public_html/iiardpub.org/inc/class.phpmailer.php:689]: To: editor@iiardpub.org -- Headers: Date: Wed, 21 Dec 2016 17:21:44 +0000 From: ADA <lekwaekeada@yahoo.com> Message-ID: <befc62d42130f1960e86232b2dad772b@www.iiardpub.org> X-Mailer: PHPMailer 5.2.16 (https://github.com/PHPMailer/PHPMailer) MIME-Version: 1.0 Content-Type: multipart/mixed; 	boundary="b1_befc62d42130f1960e86232b2dad772b" Content-Transfer-Encoding: 8bit
[21-Dec-2016 17:21:45 Europe/London] mail() on [/home/gcpm1108/public_html/iiardpub.org/submit.php:90]: To: lekwaekeada@yahoo.com -- Headers: From:editor@iiardpub.org
[22-Dec-2016 13:45:45 Europe/London] mail() on [/home/gcpm1108/public_html/iiardpub.org/inc/class.phpmailer.php:689]: To: editor@iiardpub.org -- Headers: Date: Thu, 22 Dec 2016 13:45:45 +0000 From: Kidafa <ibrakidson@yahoo.com> Message-ID: <82d83f153a3e1e1a79797ebeacda9ec6@www.iiardpub.org> X-Mailer: PHPMailer 5.2.16 (https://github.com/PHPMailer/PHPMailer) MIME-Version: 1.0 Content-Type: multipart/mixed; 	boundary="b1_82d83f153a3e1e1a79797ebeacda9ec6" Content-Transfer-Encoding: 8bit
[22-Dec-2016 13:45:49 Europe/London] mail() on [/home/gcpm1108/public_html/iiardpub.org/submit.php:90]: To: ibrakidson@yahoo.com -- Headers: From:editor@iiardpub.org
[22-Dec-2016 18:07:34 Africa/Lagos] mail() on [/home/gcpm1108/public_html/iiardpub.org/contact.php:19]: To: editor@iiardpub.org -- Headers: From:rkwkraeih@dhitpfgb.com
[22-Dec-2016 18:07:34 Africa/Lagos] mail() on [/home/gcpm1108/public_html/iiardpub.org/contact.php:20]: To: rkwkraeih@dhitpfgb.com -- Headers: From:editor@iiardpub.org
[22-Dec-2016 23:36:31 Europe/London] mail() on [/home/gcpm1108/public_html/iiardpub.org/inc/class.phpmailer.php:689]: To: editor@iiardpub.org -- Headers: Date: Thu, 22 Dec 2016 23:36:31 +0000 From: "BETHEL T." <ababs58@yahoo.com> Message-ID: <6b63f9a4fa7f509aacb4a432f0eaf54e@www.iiardpub.org> X-Mailer: PHPMailer 5.2.16 (https://github.com/PHPMailer/PHPMailer) MIME-Version: 1.0 Content-Type: multipart/mixed; 	boundary="b1_6b63f9a4fa7f509aacb4a432f0eaf54e" Content-Transfer-Encoding: 8bit
[22-Dec-2016 23:36:31 Europe/London] mail() on [/home/gcpm1108/public_html/iiardpub.org/submit.php:90]: To: ababs58@yahoo.com -- Headers: From:editor@iiardpub.org
[23-Dec-2016 20:15:30 Europe/London] mail() on [/home/gcpm1108/public_html/iiardpub.org/inc/class.phpmailer.php:689]: To: editor@iiardpub.org -- Headers: Date: Fri, 23 Dec 2016 20:15:30 +0000 From: Chinatu <lawrencechinatu@yahoo.cpm> Message-ID: <16d91b33c8df0064f4663bac03381ffa@www.iiardpub.org> X-Mailer: PHPMailer 5.2.16 (https://github.com/PHPMailer/PHPMailer) MIME-Version: 1.0 Content-Type: multipart/mixed; 	boundary="b1_16d91b33c8df0064f4663bac03381ffa" Content-Transfer-Encoding: 8bit
[23-Dec-2016 20:15:30 Europe/London] mail() on [/home/gcpm1108/public_html/iiardpub.org/submit.php:90]: To: lawrencechinatu@yahoo.cpm -- Headers: From:editor@iiardpub.org
[26-Dec-2016 13:23:56 Africa/Lagos] mail() on [/home/gcpm1108/public_html/iiardpub.org/contact.php:19]: To: editor@iiardpub.org -- Headers: From:goutamkrmkr@gmail.com
[26-Dec-2016 13:23:56 Africa/Lagos] mail() on [/home/gcpm1108/public_html/iiardpub.org/contact.php:20]: To: goutamkrmkr@gmail.com -- Headers: From:editor@iiardpub.org
[28-Dec-2016 21:42:37 Africa/Lagos] mail() on [/home/gcpm1108/public_html/iiardpub.org/contact.php:19]: To: editor@iiardpub.org -- Headers: From:snjavxohtij@xzzmxa.com
[28-Dec-2016 21:42:37 Africa/Lagos] mail() on [/home/gcpm1108/public_html/iiardpub.org/contact.php:20]: To: snjavxohtij@xzzmxa.com -- Headers: From:editor@iiardpub.org
[29-Dec-2016 09:43:38 Europe/London] mail() on [/home/gcpm1108/public_html/iiardpub.org/inc/class.phpmailer.php:689]: To: editor@iiardpub.org -- Headers: Date: Thu, 29 Dec 2016 09:43:38 +0000 From: EKANKUMO <banaboalex@yahoo.com> Message-ID: <4330232a7f511926a7eb7fa11519c9a2@iiardpub.org> X-Mailer: PHPMailer 5.2.16 (https://github.com/PHPMailer/PHPMailer) MIME-Version: 1.0 Content-Type: multipart/mixed; 	boundary="b1_4330232a7f511926a7eb7fa11519c9a2" Content-Transfer-Encoding: 8bit
[29-Dec-2016 09:43:38 Europe/London] mail() on [/home/gcpm1108/public_html/iiardpub.org/submit.php:90]: To: banaboalex@yahoo.com -- Headers: From:editor@iiardpub.org
[29-Dec-2016 09:53:31 Europe/London] mail() on [/home/gcpm1108/public_html/iiardpub.org/inc/class.phpmailer.php:689]: To: editor@iiardpub.org -- Headers: Date: Thu, 29 Dec 2016 09:53:31 +0000 From: EKANKUMO <banaboalex@yahoo.com> Message-ID: <aab5dcb9232e5fee4d7e19f9cb9cf29c@iiardpub.org> X-Mailer: PHPMailer 5.2.16 (https://github.com/PHPMailer/PHPMailer) MIME-Version: 1.0 Content-Type: multipart/mixed; 	boundary="b1_aab5dcb9232e5fee4d7e19f9cb9cf29c" Content-Transfer-Encoding: 8bit
[29-Dec-2016 09:53:31 Europe/London] mail() on [/home/gcpm1108/public_html/iiardpub.org/submit.php:90]: To: banaboalex@yahoo.com -- Headers: From:editor@iiardpub.org
[02-Jan-2017 06:38:38 Europe/London] mail() on [/home/gcpm1108/public_html/iiardpub.org/inc/class.phpmailer.php:689]: To: editor@iiardpub.org -- Headers: Date: Mon, 2 Jan 2017 06:38:38 +0000 From: Mehulkumar <msmehulsavaliya@gmail.com> Message-ID: <b11f159de446d6134102b61b5b274077@www.iiardpub.org> X-Mailer: PHPMailer 5.2.16 (https://github.com/PHPMailer/PHPMailer) MIME-Version: 1.0 Content-Type: text/plain; charset=iso-8859-1
[02-Jan-2017 06:38:40 Europe/London] mail() on [/home/gcpm1108/public_html/iiardpub.org/reviewers.php:117]: To: msmehulsavaliya@gmail.com -- Headers: From:editor@iiardpub.org
[03-Jan-2017 10:11:28 Europe/London] mail() on [/home/gcpm1108/public_html/iiardpub.org/inc/class.phpmailer.php:689]: To: editor@iiardpub.org -- Headers: Date: Tue, 3 Jan 2017 10:11:28 +0000 From: John <johnonoh@yahoo.com> Message-ID: <55107ff749b40e205da16cdd3ebeb113@www.iiardpub.org> X-Mailer: PHPMailer 5.2.16 (https://github.com/PHPMailer/PHPMailer) MIME-Version: 1.0 Content-Type: multipart/mixed; 	boundary="b1_55107ff749b40e205da16cdd3ebeb113" Content-Transfer-Encoding: 8bit
[03-Jan-2017 10:11:28 Europe/London] mail() on [/home/gcpm1108/public_html/iiardpub.org/submit.php:90]: To: johnonoh@yahoo.com -- Headers: From:editor@iiardpub.org
[03-Jan-2017 14:47:07 Europe/London] mail() on [/home/gcpm1108/public_html/iiardpub.org/inc/class.phpmailer.php:689]: To: editor@iiardpub.org -- Headers: Date: Tue, 3 Jan 2017 14:47:07 +0000 From: BEN <bennwanne2@gmail.com> Message-ID: <d78ff0d8eb07111c5bf221d04e13d568@www.iiardpub.org> X-Mailer: PHPMailer 5.2.16 (https://github.com/PHPMailer/PHPMailer) MIME-Version: 1.0 Content-Type: multipart/mixed; 	boundary="b1_d78ff0d8eb07111c5bf221d04e13d568" Content-Transfer-Encoding: 8bit
[03-Jan-2017 14:47:13 Europe/London] mail() on [/home/gcpm1108/public_html/iiardpub.org/submit.php:90]: To: bennwanne2@gmail.com -- Headers: From:editor@iiardpub.org
[06-Jan-2017 05:11:46 Africa/Lagos] mail() on [/home/gcpm1108/public_html/iiardpub.org/contact.php:19]: To: editor@iiardpub.org -- Headers: From:nwmtnreo@gfurjeaqb.com
[06-Jan-2017 05:11:46 Africa/Lagos] mail() on [/home/gcpm1108/public_html/iiardpub.org/contact.php:20]: To: nwmtnreo@gfurjeaqb.com -- Headers: From:editor@iiardpub.org
[06-Jan-2017 08:12:08 Africa/Lagos] mail() on [/home/gcpm1108/public_html/iiardpub.org/contact.php:19]: To: editor@iiardpub.org -- Headers: From:philip@getbusinessontop.com
[06-Jan-2017 08:12:08 Africa/Lagos] mail() on [/home/gcpm1108/public_html/iiardpub.org/contact.php:20]: To: philip@getbusinessontop.com -- Headers: From:editor@iiardpub.org
[06-Jan-2017 19:23:35 Europe/London] mail() on [/home/gcpm1108/public_html/iiardpub.org/inc/class.phpmailer.php:689]: To: editor@iiardpub.org -- Headers: Date: Fri, 6 Jan 2017 19:23:35 +0000 From: Mourad <mourad.romdhani@yahoo.com> Message-ID: <7028b977a23533ef0f8a610627d1c597@www.iiardpub.org> X-Mailer: PHPMailer 5.2.16 (https://github.com/PHPMailer/PHPMailer) MIME-Version: 1.0 Content-Type: multipart/mixed; 	boundary="b1_7028b977a23533ef0f8a610627d1c597" Content-Transfer-Encoding: 8bit
[06-Jan-2017 19:23:35 Europe/London] mail() on [/home/gcpm1108/public_html/iiardpub.org/submit.php:90]: To: mourad.romdhani@yahoo.com -- Headers: From:editor@iiardpub.org
[07-Jan-2017 10:42:25 Europe/London] mail() on [/home/gcpm1108/public_html/iiardpub.org/inc/class.phpmailer.php:689]: To: editor@iiardpub.org -- Headers: Date: Sat, 7 Jan 2017 10:42:25 +0000 From: Mourad <mourad.romdhani@yahoo.com> Message-ID: <f9ec0eaef713aa7dcd1de9a852b15b19@iiardpub.org> X-Mailer: PHPMailer 5.2.16 (https://github.com/PHPMailer/PHPMailer) MIME-Version: 1.0 Content-Type: multipart/mixed; 	boundary="b1_f9ec0eaef713aa7dcd1de9a852b15b19" Content-Transfer-Encoding: 8bit
[07-Jan-2017 10:42:29 Europe/London] mail() on [/home/gcpm1108/public_html/iiardpub.org/submit.php:90]: To: mourad.romdhani@yahoo.com -- Headers: From:editor@iiardpub.org
[08-Jan-2017 11:31:26 Europe/London] mail() on [/home/gcpm1108/public_html/iiardpub.org/inc/class.phpmailer.php:689]: To: editor@iiardpub.org -- Headers: Date: Sun, 8 Jan 2017 11:31:26 +0000 From: Musibau Akintunde <ajagbetun@gmail.com> Message-ID: <3d40479f140a7749a3a5f9489d891a5d@www.iiardpub.org> X-Mailer: PHPMailer 5.2.16 (https://github.com/PHPMailer/PHPMailer) MIME-Version: 1.0 Content-Type: multipart/mixed; 	boundary="b1_3d40479f140a7749a3a5f9489d891a5d" Content-Transfer-Encoding: 8bit
[08-Jan-2017 11:31:26 Europe/London] mail() on [/home/gcpm1108/public_html/iiardpub.org/submit.php:90]: To: ajagbetun@gmail.com -- Headers: From:editor@iiardpub.org
[11-Jan-2017 09:50:40 Africa/Lagos] mail() on [/home/gcpm1108/public_html/iiardpub.org/contact.php:19]: To: editor@iiardpub.org -- Headers: From:nmljqzg@bsyspbaejks.com
[11-Jan-2017 09:50:40 Africa/Lagos] mail() on [/home/gcpm1108/public_html/iiardpub.org/contact.php:20]: To: nmljqzg@bsyspbaejks.com -- Headers: From:editor@iiardpub.org
[12-Jan-2017 00:00:17 Europe/London] mail() on [/home/gcpm1108/public_html/iiardpub.org/inc/class.phpmailer.php:689]: To: editor@iiardpub.org -- Headers: Date: Thu, 12 Jan 2017 00:00:17 +0000 From: David <david.onyeike@outlook.com> Message-ID: <42e4a935e6a0e88aa89ff2ebe386b64c@iiardpub.org> X-Mailer: PHPMailer 5.2.16 (https://github.com/PHPMailer/PHPMailer) MIME-Version: 1.0 Content-Type: multipart/mixed; 	boundary="b1_42e4a935e6a0e88aa89ff2ebe386b64c" Content-Transfer-Encoding: 8bit
[12-Jan-2017 00:00:23 Europe/London] mail() on [/home/gcpm1108/public_html/iiardpub.org/submit.php:90]: To: david.onyeike@outlook.com -- Headers: From:editor@iiardpub.org
[12-Jan-2017 08:37:15 Europe/London] mail() on [/home/gcpm1108/public_html/iiardpub.org/inc/class.phpmailer.php:689]: To: editor@iiardpub.org -- Headers: Date: Thu, 12 Jan 2017 08:37:15 +0000 From: RICHARD <richdume@yahoo.com> Message-ID: <3646f373ef51a6a5eab029953a0a0e35@www.iiardpub.org> X-Mailer: PHPMailer 5.2.16 (https://github.com/PHPMailer/PHPMailer) MIME-Version: 1.0 Content-Type: multipart/mixed; 	boundary="b1_3646f373ef51a6a5eab029953a0a0e35" Content-Transfer-Encoding: 8bit
[12-Jan-2017 08:37:15 Europe/London] mail() on [/home/gcpm1108/public_html/iiardpub.org/submit.php:90]: To: richdume@yahoo.com -- Headers: From:editor@iiardpub.org
[12-Jan-2017 16:38:41 Africa/Lagos] mail() on [/home/gcpm1108/public_html/iiardpub.org/contact.php:19]: To: editor@iiardpub.org -- Headers: From:Khaldoun_21@yahoo.com
[12-Jan-2017 16:38:41 Africa/Lagos] mail() on [/home/gcpm1108/public_html/iiardpub.org/contact.php:20]: To: Khaldoun_21@yahoo.com -- Headers: From:editor@iiardpub.org
[13-Jan-2017 02:18:49 Europe/London] mail() on [/home/gcpm1108/public_html/iiardpub.org/inc/class.phpmailer.php:689]: To: editor@iiardpub.org -- Headers: Date: Fri, 13 Jan 2017 02:18:49 +0000 From: Yeen Lai <racheal.khongyl@gmail.com> Message-ID: <aa30d514953e0446d78abfc39e733ac6@www.iiardpub.org> X-Mailer: PHPMailer 5.2.16 (https://github.com/PHPMailer/PHPMailer) MIME-Version: 1.0 Content-Type: multipart/mixed; 	boundary="b1_aa30d514953e0446d78abfc39e733ac6" Content-Transfer-Encoding: 8bit
[13-Jan-2017 02:18:50 Europe/London] mail() on [/home/gcpm1108/public_html/iiardpub.org/submit.php:90]: To: racheal.khongyl@gmail.com -- Headers: From:editor@iiardpub.org
[13-Jan-2017 14:47:27 Europe/London] mail() on [/home/gcpm1108/public_html/iiardpub.org/inc/class.phpmailer.php:689]: To: editor@iiardpub.org -- Headers: Date: Fri, 13 Jan 2017 14:47:27 +0000 From: Matthew <mattinite4u@yahoo.com> Message-ID: <1a2f03c129a705a62b22e2c607b39b31@www.iiardpub.org> X-Mailer: PHPMailer 5.2.16 (https://github.com/PHPMailer/PHPMailer) MIME-Version: 1.0 Content-Type: multipart/mixed; 	boundary="b1_1a2f03c129a705a62b22e2c607b39b31" Content-Transfer-Encoding: 8bit
[13-Jan-2017 14:47:33 Europe/London] mail() on [/home/gcpm1108/public_html/iiardpub.org/submit.php:90]: To: mattinite4u@yahoo.com -- Headers: From:editor@iiardpub.org
[14-Jan-2017 09:51:25 Africa/Lagos] mail() on [/home/gcpm1108/public_html/iiardpub.org/contact.php:19]: To: editor@iiardpub.org -- Headers: From:johnonoh@yahoo.com
[14-Jan-2017 09:51:25 Africa/Lagos] mail() on [/home/gcpm1108/public_html/iiardpub.org/contact.php:20]: To: johnonoh@yahoo.com -- Headers: From:editor@iiardpub.org
[14-Jan-2017 09:52:16 Europe/London] mail() on [/home/gcpm1108/public_html/iiardpub.org/inc/class.phpmailer.php:689]: To: editor@iiardpub.org -- Headers: Date: Sat, 14 Jan 2017 09:52:16 +0000 From: Ebimieowei <eetebu@gmail.com> Message-ID: <e5790526a7209c348f28f3fa951b16ac@www.iiardpub.org> X-Mailer: PHPMailer 5.2.16 (https://github.com/PHPMailer/PHPMailer) MIME-Version: 1.0 Content-Type: multipart/mixed; 	boundary="b1_e5790526a7209c348f28f3fa951b16ac" Content-Transfer-Encoding: 8bit
[14-Jan-2017 09:52:16 Europe/London] mail() on [/home/gcpm1108/public_html/iiardpub.org/submit.php:90]: To: eetebu@gmail.com -- Headers: From:editor@iiardpub.org
[14-Jan-2017 16:12:22 Europe/London] mail() on [/home/gcpm1108/public_html/iiardpub.org/inc/class.phpmailer.php:689]: To: editor@iiardpub.org -- Headers: Date: Sat, 14 Jan 2017 16:12:22 +0000 From: John <johnonoh@yahoo.com> Message-ID: <5809ae2f8dc0a51f76e32a50f8f0c936@www.iiardpub.org> X-Mailer: PHPMailer 5.2.16 (https://github.com/PHPMailer/PHPMailer) MIME-Version: 1.0 Content-Type: multipart/mixed; 	boundary="b1_5809ae2f8dc0a51f76e32a50f8f0c936" Content-Transfer-Encoding: 8bit
[14-Jan-2017 16:12:22 Europe/London] mail() on [/home/gcpm1108/public_html/iiardpub.org/submit.php:90]: To: johnonoh@yahoo.com -- Headers: From:editor@iiardpub.org
[15-Jan-2017 12:31:36 Europe/London] mail() on [/home/gcpm1108/public_html/iiardpub.org/inc/class.phpmailer.php:689]: To: editor@iiardpub.org -- Headers: Date: Sun, 15 Jan 2017 12:31:36 +0000 From: Dr Akeem Abolade <oyerindehyphae2002@gmail.com> Message-ID: <18adb26e5d79bb0104d9adf62b3bdd73@www.iiardpub.org> X-Mailer: PHPMailer 5.2.16 (https://github.com/PHPMailer/PHPMailer) MIME-Version: 1.0 Content-Type: multipart/mixed; 	boundary="b1_18adb26e5d79bb0104d9adf62b3bdd73" Content-Transfer-Encoding: 8bit
[15-Jan-2017 12:31:36 Europe/London] mail() on [/home/gcpm1108/public_html/iiardpub.org/submit.php:90]: To: oyerindehyphae2002@gmail.com -- Headers: From:editor@iiardpub.org
[16-Jan-2017 09:08:33 Europe/London] mail() on [/home/gcpm1108/public_html/iiardpub.org/inc/class.phpmailer.php:689]: To: editor@iiardpub.org -- Headers: Date: Mon, 16 Jan 2017 09:08:33 +0000 From: Naveen <naveen071280@gmail.com> Message-ID: <795b66d3d964c73625c6df6e975ade24@www.iiardpub.org> X-Mailer: PHPMailer 5.2.16 (https://github.com/PHPMailer/PHPMailer) MIME-Version: 1.0 Content-Type: text/plain; charset=iso-8859-1
[16-Jan-2017 09:08:33 Europe/London] mail() on [/home/gcpm1108/public_html/iiardpub.org/reviewers.php:117]: To: naveen071280@gmail.com -- Headers: From:editor@iiardpub.org
[16-Jan-2017 09:57:12 Europe/London] mail() on [/home/gcpm1108/public_html/iiardpub.org/inc/class.phpmailer.php:689]: To: editor@iiardpub.org -- Headers: Date: Mon, 16 Jan 2017 09:57:12 +0000 From: Naveen <naveen071280@gmail.com> Message-ID: <23f15e7e777ea3bee4965c9de7939cac@www.iiardpub.org> X-Mailer: PHPMailer 5.2.16 (https://github.com/PHPMailer/PHPMailer) MIME-Version: 1.0 Content-Type: text/plain; charset=iso-8859-1
[16-Jan-2017 09:57:12 Europe/London] mail() on [/home/gcpm1108/public_html/iiardpub.org/reviewers.php:117]: To: naveen071280@gmail.com -- Headers: From:editor@iiardpub.org
[16-Jan-2017 14:44:36 Europe/London] mail() on [/home/gcpm1108/public_html/iiardpub.org/inc/class.phpmailer.php:689]: To: editor@iiardpub.org -- Headers: Date: Mon, 16 Jan 2017 14:44:36 +0000 From: RENEE <reneemorhe@yahoo.co.uk> Message-ID: <28c5f68b1d098a37317b622bdeddc153@www.iiardpub.org> X-Mailer: PHPMailer 5.2.16 (https://github.com/PHPMailer/PHPMailer) MIME-Version: 1.0 Content-Type: multipart/mixed; 	boundary="b1_28c5f68b1d098a37317b622bdeddc153" Content-Transfer-Encoding: 8bit
[16-Jan-2017 14:44:36 Europe/London] mail() on [/home/gcpm1108/public_html/iiardpub.org/submit.php:90]: To: reneemorhe@yahoo.co.uk -- Headers: From:editor@iiardpub.org
[16-Jan-2017 17:20:33 Africa/Lagos] mail() on [/home/gcpm1108/public_html/iiardpub.org/contact.php:19]: To: editor@iiardpub.org -- Headers: From:alexizgd@gmail.com
[16-Jan-2017 17:20:33 Africa/Lagos] mail() on [/home/gcpm1108/public_html/iiardpub.org/contact.php:20]: To: alexizgd@gmail.com -- Headers: From:editor@iiardpub.org
[17-Jan-2017 14:21:50 Europe/London] mail() on [/home/gcpm1108/public_html/iiardpub.org/inc/class.phpmailer.php:689]: To: editor@iiardpub.org -- Headers: Date: Tue, 17 Jan 2017 14:21:50 +0000 From: Shujahat <shujahat@must.edu.pk> Message-ID: <212b7e7c78d21b76744adf8ea2709abe@www.iiardpub.org> X-Mailer: PHPMailer 5.2.16 (https://github.com/PHPMailer/PHPMailer) MIME-Version: 1.0 Content-Type: text/plain; charset=iso-8859-1
[17-Jan-2017 14:21:55 Europe/London] mail() on [/home/gcpm1108/public_html/iiardpub.org/reviewers.php:117]: To: shujahat@must.edu.pk -- Headers: From:editor@iiardpub.org
[17-Jan-2017 18:47:12 Africa/Lagos] mail() on [/home/gcpm1108/public_html/iiardpub.org/contact.php:19]: To: editor@iiardpub.org -- Headers: From:thankgodibe@yahoo.com
[17-Jan-2017 18:47:12 Africa/Lagos] mail() on [/home/gcpm1108/public_html/iiardpub.org/contact.php:20]: To: thankgodibe@yahoo.com -- Headers: From:editor@iiardpub.org
[18-Jan-2017 01:21:33 Europe/London] mail() on [/home/gcpm1108/public_html/iiardpub.org/inc/class.phpmailer.php:689]: To: editor@iiardpub.org -- Headers: Date: Wed, 18 Jan 2017 01:21:33 +0000 From: Olanrewaju <tilewa02@yahoo.co.uk> Message-ID: <19dd5d2d966f2dde7f366354014cc3a1@www.iiardpub.org> X-Mailer: PHPMailer 5.2.16 (https://github.com/PHPMailer/PHPMailer) MIME-Version: 1.0 Content-Type: multipart/mixed; 	boundary="b1_19dd5d2d966f2dde7f366354014cc3a1" Content-Transfer-Encoding: 8bit
[18-Jan-2017 01:21:33 Europe/London] mail() on [/home/gcpm1108/public_html/iiardpub.org/submit.php:90]: To: tilewa02@yahoo.co.uk -- Headers: From:editor@iiardpub.org
[20-Mar-2017 10:54:00 Europe/London] mail() on [/home/iiardpub/public_html/inc/class.phpmailer.php:689]: To: editor@iiardpub.org -- Headers: Date: Mon, 20 Mar 2017 10:54:00 +0000 From: Udo <usiere2000@yahoo.com> Message-ID: <142d052f65618fe26b4b5d7d9aaefda5@iiardpub.org> X-Mailer: PHPMailer 5.2.16 (https://github.com/PHPMailer/PHPMailer) MIME-Version: 1.0 Content-Type: multipart/mixed; 	boundary="b1_142d052f65618fe26b4b5d7d9aaefda5" Content-Transfer-Encoding: 8bit
[20-Mar-2017 10:54:00 Europe/London] mail() on [/home/iiardpub/public_html/submit.php:90]: To: usiere2000@yahoo.com -- Headers: From:editor@iiardpub.org
[21-Mar-2017 07:27:50 Europe/London] mail() on [/home/iiardpub/public_html/inc/class.phpmailer.php:689]: To: editor@iiardpub.org -- Headers: Date: Tue, 21 Mar 2017 07:27:50 +0000 From: Olamide Folake <ofadewusi@gmail.com> Message-ID: <36bc57f7bd747d9279ed6491ebdd1028@iiardpub.org> X-Mailer: PHPMailer 5.2.16 (https://github.com/PHPMailer/PHPMailer) MIME-Version: 1.0 Content-Type: multipart/mixed; 	boundary="b1_36bc57f7bd747d9279ed6491ebdd1028" Content-Transfer-Encoding: 8bit
[21-Mar-2017 07:27:50 Europe/London] mail() on [/home/iiardpub/public_html/submit.php:90]: To: ofadewusi@gmail.com -- Headers: From:editor@iiardpub.org
[22-Mar-2017 10:38:48 Europe/London] mail() on [/home/iiardpub/public_html/inc/class.phpmailer.php:689]: To: editor@iiardpub.org -- Headers: Date: Wed, 22 Mar 2017 10:38:48 +0000 From: BADA <salafykenny@gmail.com> Message-ID: <e0927be70e4453762e0597ca828212e7@iiardpub.org> X-Mailer: PHPMailer 5.2.16 (https://github.com/PHPMailer/PHPMailer) MIME-Version: 1.0 Content-Type: multipart/mixed; 	boundary="b1_e0927be70e4453762e0597ca828212e7" Content-Transfer-Encoding: 8bit
[22-Mar-2017 10:38:48 Europe/London] mail() on [/home/iiardpub/public_html/submit.php:90]: To: salafykenny@gmail.com -- Headers: From:editor@iiardpub.org
[23-Mar-2017 04:59:49 Europe/London] mail() on [/home/iiardpub/public_html/inc/class.phpmailer.php:689]: To: editor@iiardpub.org -- Headers: Date: Thu, 23 Mar 2017 04:59:49 +0000 From: Emmanuel <eonye99@yahoo.com> Message-ID: <0d191e8f1e46b36f6d1aa3d119e008dc@iiardpub.org> X-Mailer: PHPMailer 5.2.16 (https://github.com/PHPMailer/PHPMailer) MIME-Version: 1.0 Content-Type: multipart/mixed; 	boundary="b1_0d191e8f1e46b36f6d1aa3d119e008dc" Content-Transfer-Encoding: 8bit
[23-Mar-2017 04:59:53 Europe/London] mail() on [/home/iiardpub/public_html/submit.php:90]: To: eonye99@yahoo.com -- Headers: From:editor@iiardpub.org
[23-Mar-2017 08:17:03 Europe/London] mail() on [/home/iiardpub/public_html/inc/class.phpmailer.php:689]: To: editor@iiardpub.org -- Headers: Date: Thu, 23 Mar 2017 08:17:03 +0000 From: ENDURANCE <enduzobo@yahoo.com> Message-ID: <43174b01ef4a6a77a7f9575db88dda9b@www.iiardpub.org> X-Mailer: PHPMailer 5.2.16 (https://github.com/PHPMailer/PHPMailer) MIME-Version: 1.0 Content-Type: multipart/mixed; 	boundary="b1_43174b01ef4a6a77a7f9575db88dda9b" Content-Transfer-Encoding: 8bit
[23-Mar-2017 08:17:03 Europe/London] mail() on [/home/iiardpub/public_html/submit.php:90]: To: enduzobo@yahoo.com -- Headers: From:editor@iiardpub.org
[23-Mar-2017 15:27:09 Africa/Lagos] mail() on [/home/iiardpub/public_html/contact.php:19]: To: editor@iiardpub.org -- Headers: From:bamifedd@gmail.com
[23-Mar-2017 15:27:09 Africa/Lagos] mail() on [/home/iiardpub/public_html/contact.php:20]: To: bamifedd@gmail.com -- Headers: From:editor@iiardpub.org
